2021-01-20 10:06:59.510  INFO 1314 --- [main] lavalink.server.Launcher                 : 

[32m       .  [31m _                  _ _       _    [32m__ _ _
[32m      /\\ [31m| | __ ___   ____ _| (_)_ __ | | __[32m\ \ \ \
[32m     ( ( )[31m| |/ _` \ \ / / _` | | | '_ \| |/ /[32m \ \ \ \
[32m      \\/ [31m| | (_| |\ V / (_| | | | | | |   < [32m  ) ) ) )
[32m       '  [31m|_|\__,_| \_/ \__,_|_|_|_| |_|_|\_\[32m / / / /
[0m    =========================================[32m/_/_/_/[0m

	Version:        3.3.2.3
	Build:          1176
	Build time:     28.12.2020 18:59:16 UTC
	Branch          master
	Commit:         68d398a
	Commit time:    28.12.2020 18:56:23 UTC
	JVM:            11.0.9.1
	Lavaplayer      1.3.65

2021-01-20 10:07:00.726  INFO 1314 --- [main] lavalink.server.Launcher                 : Starting Launcher on 7015ec9b956f with PID 1314 (/home/runner/Lets-Code-Bot/Lavalink.jar started by runner in /home/runner/Lets-Code-Bot)
2021-01-20 10:07:00.810  INFO 1314 --- [main] lavalink.server.Launcher                 : No active profile set, falling back to default profiles: default
2021-01-20 10:07:01.915  WARN 1314 --- [background-preinit] o.s.h.c.j.Jackson2ObjectMapperBuilder    : For Jackson Kotlin classes support please add "com.fasterxml.jackson.module:jackson-module-kotlin" to the classpath
2021-01-20 10:07:14.168  WARN 1314 --- [main] io.undertow.websockets.jsr               : UT026010: Buffer pool was not set on WebSocketDeploymentInfo, the default pool will be used
2021-01-20 10:07:14.406  INFO 1314 --- [main] io.undertow.servlet                      : Initializing Spring embedded WebApplicationContext
2021-01-20 10:07:14.407  INFO 1314 --- [main] o.s.web.context.ContextLoader            : Root WebApplicationContext: initialization completed in 12808 ms
2021-01-20 10:07:17.302  WARN 1314 --- [main] l.server.config.SentryConfiguration      : Turning off sentry
2021-01-20 10:07:20.701  INFO 1314 --- [main] c.s.d.l.tools.GarbageCollectionMonitor   : GC monitoring enabled, reporting results every 2 minutes.
2021-01-20 10:07:22.147  INFO 1314 --- [main] lavalink.server.config.KoeConfiguration  : OS: Linux, Arch: amd64
2021-01-20 10:07:22.147  INFO 1314 --- [main] lavalink.server.config.KoeConfiguration  : Enabling JDA-NAS
2021-01-20 10:07:22.155  INFO 1314 --- [main] c.s.l.c.natives.NativeLibraryLoader      : Native library udpqueue: loading with filter null
2021-01-20 10:07:22.214  INFO 1314 --- [main] c.s.l.c.natives.NativeLibraryLoader      : Native library udpqueue: successfully loaded.
2021-01-20 10:07:26.016  INFO 1314 --- [main] o.s.s.concurrent.ThreadPoolTaskExecutor  : Initializing ExecutorService 'applicationTaskExecutor'
2021-01-20 10:07:30.108  INFO 1314 --- [main] org.xnio                                 : XNIO version 3.3.8.Final
2021-01-20 10:07:30.129  INFO 1314 --- [main] org.xnio.nio                             : XNIO NIO Implementation Version 3.3.8.Final
2021-01-20 10:07:30.616  INFO 1314 --- [main] o.s.b.w.e.u.UndertowServletWebServer     : Undertow started on port(s) 7000 (http) with context path ''
2021-01-20 10:07:30.633  INFO 1314 --- [main] lavalink.server.Launcher                 : Started Launcher in 37.924 seconds (JVM running for 43.026)
2021-01-20 10:07:30.640  INFO 1314 --- [main] lavalink.server.Launcher                 : You can safely ignore the big red warning about illegal reflection. See https://github.com/Frederikam/Lavalink/issues/295
2021-01-20 10:07:32.300  INFO 1314 --- [XNIO-1 task-1] io.undertow.servlet                      : Initializing Spring DispatcherServlet 'dispatcherServlet'
2021-01-20 10:07:32.303  INFO 1314 --- [XNIO-1 task-1] o.s.web.servlet.DispatcherServlet        : Initializing Servlet 'dispatcherServlet'
2021-01-20 10:07:32.332  INFO 1314 --- [XNIO-1 task-1] o.s.web.servlet.DispatcherServlet        : Completed initialization in 28 ms
2021-01-20 10:07:32.699  INFO 1314 --- [XNIO-1 task-1] l.server.io.HandshakeInterceptorImpl     : Incoming connection from /127.0.0.1:46532
2021-01-20 10:07:33.131  INFO 1314 --- [XNIO-1 task-1] lavalink.server.io.SocketServer          : Connection successfully established from /127.0.0.1:46532
2021-01-20 10:07:33.303  INFO 1314 --- [XNIO-1 I/O-1] lavalink.server.io.SocketServer          : {"op": "configureResuming", "key": "music-node", "timeout": 60}
